
> vpn-admin@0.1.0 dev
> next dev -H 0.0.0.0 -p 9000

▲ Next.js 16.1.5 (Turbopack, Cache Components)
- Local:         http://localhost:9000
- Network:       http://0.0.0.0:9000

✓ Starting...
✓ Ready in 524ms
 GET /en-EN/dashboard 200 in 1955ms (compile: 1634ms, proxy.ts: 81ms, generate-params: 263ms, render: 240ms)
 GET /ru-RU/dashboard 200 in 194ms (compile: 106ms, proxy.ts: 5ms, generate-params: 21ms, render: 83ms)
 GET /ru-RU/dashboard 200 in 194ms (compile: 28ms, proxy.ts: 6ms, generate-params: 18ms, render: 160ms)
 GET /en-EN/dashboard 200 in 64ms (compile: 29ms, proxy.ts: 4ms, generate-params: 21ms, render: 31ms)
✓ Compiled in 131ms
 GET /en-EN/dashboard 200 in 361ms (compile: 120ms, proxy.ts: 22ms, generate-params: 38ms, render: 219ms)
 GET /en-EN/dashboard 200 in 333ms (compile: 121ms, proxy.ts: 8ms, generate-params: 67ms, render: 204ms)
 GET /en-EN/dashboard 200 in 302ms (compile: 74ms, proxy.ts: 10ms, generate-params: 29ms, render: 218ms)
✓ Compiled in 186ms
 GET /en-EN/dashboard 200 in 628ms (compile: 316ms, proxy.ts: 10ms, generate-params: 53ms, render: 302ms)
✓ Compiled in 232ms
 GET /en-EN/dashboard 200 in 562ms (compile: 269ms, proxy.ts: 7ms, generate-params: 54ms, render: 285ms)
✓ Compiled in 323ms
 GET /en-EN/dashboard 200 in 672ms (compile: 348ms, proxy.ts: 103ms, generate-params: 38ms, render: 220ms)
 GET /en-EN/dashboard 200 in 636ms (compile: 281ms, proxy.ts: 76ms, generate-params: 39ms, render: 280ms)
✓ Compiled in 238ms
 GET /en-EN/dashboard 200 in 819ms (compile: 298ms, proxy.ts: 108ms, generate-params: 35ms, render: 413ms)
 GET /en-EN/dashboard 200 in 243ms (compile: 10ms, proxy.ts: 85ms, generate-params: 39µs, render: 148ms)
 GET /en-EN/dashboard 200 in 443ms (compile: 150ms, proxy.ts: 9ms, generate-params: 77ms, render: 285ms)
✓ Compiled in 227ms
 GET /en-EN/dashboard 200 in 419ms (compile: 126ms, proxy.ts: 15ms, generate-params: 81ms, render: 277ms)
✓ Compiled in 292ms
 GET /en-EN/dashboard 200 in 769ms (compile: 356ms, proxy.ts: 74ms, generate-params: 65ms, render: 339ms)
 GET /en-EN/dashboard 200 in 276ms (compile: 51ms, proxy.ts: 7ms, generate-params: 73µs, render: 219ms)
✓ Compiled in 207ms
 GET /en-EN/dashboard 200 in 306ms (compile: 81ms, proxy.ts: 7ms, generate-params: 42ms, render: 218ms)
✓ Compiled in 248ms
 GET /en-EN/dashboard 200 in 373ms (compile: 135ms, proxy.ts: 6ms, generate-params: 62ms, render: 232ms)
✓ Compiled in 240ms
 GET /en-EN/dashboard 200 in 366ms (compile: 91ms, proxy.ts: 9ms, generate-params: 46ms, render: 266ms)
 GET /en-EN/dashboard 200 in 627ms (compile: 362ms, proxy.ts: 14ms, generate-params: 65ms, render: 250ms)
✓ Compiled in 209ms
✓ Compiled in 253ms
 GET /en-EN/dashboard 200 in 587ms (compile: 265ms, proxy.ts: 10ms, generate-params: 73ms, render: 313ms)
 GET /en-EN/dashboard 200 in 706ms (compile: 374ms, proxy.ts: 9ms, generate-params: 77ms, render: 324ms)
✓ Compiled in 357ms
 GET /en-EN/dashboard 200 in 511ms (compile: 271ms, proxy.ts: 7ms, generate-params: 41ms, render: 233ms)
✓ Compiled in 232ms
 GET /en-EN/dashboard 200 in 484ms (compile: 237ms, proxy.ts: 12ms, generate-params: 43ms, render: 236ms)
 GET /en-EN/dashboard 200 in 397ms (compile: 115ms, proxy.ts: 8ms, generate-params: 55ms, render: 274ms)
✓ Compiled in 269ms
 GET /en-EN/dashboard 200 in 561ms (compile: 281ms, proxy.ts: 21ms, generate-params: 59ms, render: 259ms)
✓ Compiled in 244ms
✓ Compiled in 244ms
 GET /en-EN/dashboard 200 in 635ms (compile: 308ms, proxy.ts: 7ms, generate-params: 76ms, render: 319ms)
 GET /en-EN/dashboard 200 in 560ms (compile: 287ms, proxy.ts: 77ms, generate-params: 55ms, render: 197ms)
 GET /en-EN/dashboard 200 in 298ms (compile: 81ms, proxy.ts: 5ms, generate-params: 34ms, render: 212ms)
 GET /en-EN/dashboard 200 in 508ms (compile: 119ms, proxy.ts: 10ms, generate-params: 67ms, render: 379ms)
✓ Compiled in 282ms
 GET /en-EN/dashboard 200 in 477ms (compile: 136ms, proxy.ts: 10ms, generate-params: 77ms, render: 330ms)
✓ Compiled in 262ms
 GET /en-EN/dashboard 200 in 899ms (compile: 381ms, proxy.ts: 13ms, generate-params: 61ms, render: 504ms)
 GET /en-EN/dashboard 200 in 511ms (compile: 54ms, proxy.ts: 63ms, generate-params: 48µs, render: 394ms)
 GET /en-EN/dashboard 200 in 277ms (compile: 67ms, proxy.ts: 64ms, generate-params: 52ms, render: 146ms)
 GET /en-EN/dashboard 200 in 603ms (compile: 231ms, proxy.ts: 13ms, generate-params: 57ms, render: 358ms)
✓ Compiled in 301ms
 GET /en-EN/dashboard 200 in 815ms (compile: 334ms, proxy.ts: 110ms, generate-params: 53ms, render: 371ms)
 GET /en-EN/dashboard 200 in 258ms (compile: 12ms, proxy.ts: 84ms, generate-params: 57µs, render: 162ms)
 GET /en-EN/dashboard 200 in 399ms (compile: 123ms, proxy.ts: 11ms, generate-params: 60ms, render: 264ms)
 GET /en-EN/dashboard 200 in 406ms (compile: 123ms, proxy.ts: 9ms, generate-params: 53ms, render: 275ms)
✓ Compiled in 313ms
 GET /en-EN/dashboard 200 in 811ms (compile: 343ms, proxy.ts: 6ms, generate-params: 50ms, render: 462ms)
 GET /en-EN/dashboard 200 in 310ms (compile: 17ms, proxy.ts: 90ms, generate-params: 77µs, render: 203ms)
✓ Compiled in 265ms
 GET /en-EN/dashboard 200 in 683ms (compile: 320ms, proxy.ts: 10ms, generate-params: 55ms, render: 354ms)
✓ Compiled in 264ms
 GET /en-EN/dashboard 200 in 763ms (compile: 330ms, proxy.ts: 9ms, generate-params: 64ms, render: 425ms)
 GET /en-EN/dashboard 200 in 260ms (compile: 7ms, proxy.ts: 58ms, generate-params: 32µs, render: 195ms)
✓ Compiled in 210ms
 GET /en-EN/dashboard 200 in 356ms (compile: 99ms, proxy.ts: 5ms, generate-params: 50ms, render: 252ms)
 GET /en-EN/dashboard 200 in 226ms (compile: 44ms, proxy.ts: 5ms, generate-params: 42µs, render: 178ms)
 GET /en-EN/dashboard 200 in 381ms (compile: 127ms, proxy.ts: 5ms, generate-params: 69ms, render: 249ms)
 GET /en-EN/dashboard 200 in 368ms (compile: 103ms, proxy.ts: 5ms, generate-params: 62ms, render: 261ms)
 GET /en-EN/dashboard 200 in 319ms (compile: 81ms, proxy.ts: 6ms, generate-params: 41ms, render: 233ms)
 GET /en-EN/dashboard 200 in 444ms (compile: 192ms, proxy.ts: 6ms, generate-params: 45ms, render: 246ms)
✓ Compiled in 239ms
 GET /en-EN/dashboard 200 in 287ms (compile: 48ms, proxy.ts: 6ms, generate-params: 81µs, render: 234ms)
 GET /en-EN/dashboard 200 in 264ms (compile: 80ms, proxy.ts: 4ms, generate-params: 43ms, render: 181ms)
 GET /en-EN/dashboard 200 in 389ms (compile: 102ms, proxy.ts: 3ms, generate-params: 42ms, render: 284ms)
 GET /en-EN/dashboard 200 in 438ms (compile: 125ms, proxy.ts: 10ms, generate-params: 63ms, render: 304ms)
✓ Compiled in 392ms
✓ Compiled in 325ms
 GET /en-EN/dashboard 200 in 519ms (compile: 132ms, proxy.ts: 17ms, generate-params: 66ms, render: 370ms)
 GET /en-EN/dashboard 200 in 1387ms (compile: 864ms, proxy.ts: 10ms, generate-params: 49ms, render: 513ms)
✓ Compiled in 653ms
 GET /en-EN/dashboard 200 in 918ms (compile: 311ms, proxy.ts: 140ms, generate-params: 48ms, render: 468ms)
 GET /en-EN/dashboard 200 in 355ms (compile: 64ms, proxy.ts: 75ms, generate-params: 37µs, render: 216ms)
✓ Compiled in 396ms
 GET /en-EN/dashboard 200 in 695ms (compile: 227ms, proxy.ts: 50ms, generate-params: 48ms, render: 418ms)
 GET /en-EN/dashboard 200 in 769ms (compile: 301ms, proxy.ts: 189ms, generate-params: 41ms, render: 279ms)
✓ Compiled in 473ms
 GET /en-EN/dashboard 200 in 677ms (compile: 334ms, proxy.ts: 64ms, generate-params: 69ms, render: 279ms)
 GET /en-EN/dashboard 200 in 806ms (compile: 337ms, proxy.ts: 58ms, generate-params: 51ms, render: 410ms)
 GET /en-EN/dashboard 200 in 267ms (compile: 41ms, proxy.ts: 58ms, generate-params: 37µs, render: 168ms)
 GET /en-EN/dashboard 200 in 438ms (compile: 133ms, proxy.ts: 11ms, generate-params: 76ms, render: 293ms)
 GET /en-EN/dashboard 200 in 469ms (compile: 106ms, proxy.ts: 19ms, generate-params: 55ms, render: 344ms)
 GET /en-EN/dashboard 200 in 392ms (compile: 83ms, proxy.ts: 10ms, generate-params: 38ms, render: 300ms)
 GET /en-EN/dashboard 200 in 205ms (compile: 45ms, proxy.ts: 5ms, generate-params: 48µs, render: 156ms)
 GET /en-EN/dashboard 200 in 426ms (compile: 135ms, proxy.ts: 7ms, generate-params: 71ms, render: 283ms)
 GET /en-EN/dashboard 200 in 515ms (compile: 127ms, proxy.ts: 8ms, generate-params: 64ms, render: 380ms)
✓ Compiled in 288ms
 GET /en-EN/dashboard 200 in 602ms (compile: 347ms, proxy.ts: 8ms, generate-params: 79ms, render: 247ms)
 GET /en-EN/dashboard 200 in 359ms (compile: 70ms, proxy.ts: 12ms, generate-params: 64µs, render: 277ms)
✓ Compiled in 369ms
 GET /en-EN/dashboard 200 in 518ms (compile: 176ms, proxy.ts: 21ms, generate-params: 89ms, render: 321ms)
 GET /en-EN/dashboard 200 in 354ms (compile: 130ms, proxy.ts: 10ms, generate-params: 77ms, render: 214ms)
 GET /en-EN/dashboard 200 in 467ms (compile: 169ms, proxy.ts: 12ms, generate-params: 85ms, render: 286ms)
 GET /en-EN/dashboard 200 in 481ms (compile: 151ms, proxy.ts: 8ms, generate-params: 87ms, render: 322ms)
 GET /en-EN/dashboard 200 in 534ms (compile: 159ms, proxy.ts: 13ms, generate-params: 82ms, render: 362ms)
✓ Compiled in 391ms
 GET /en-EN/dashboard 200 in 611ms (compile: 342ms, proxy.ts: 9ms, generate-params: 58ms, render: 260ms)
 GET /en-EN/dashboard 200 in 614ms (compile: 172ms, proxy.ts: 8ms, generate-params: 95ms, render: 434ms)
 GET /en-EN/dashboard 200 in 488ms (compile: 174ms, proxy.ts: 12ms, generate-params: 92ms, render: 302ms)
 GET /en-EN/dashboard 200 in 452ms (compile: 153ms, proxy.ts: 7ms, generate-params: 82ms, render: 293ms)
 GET /en-EN/dashboard 200 in 375ms (compile: 134ms, proxy.ts: 8ms, generate-params: 61ms, render: 233ms)
 GET /en-EN/dashboard 200 in 916ms (compile: 625ms, proxy.ts: 4ms, generate-params: 50ms, render: 287ms)
 GET /en-EN/dashboard 200 in 191ms (compile: 10ms, proxy.ts: 57ms, generate-params: 51µs, render: 124ms)
 GET /en-EN/dashboard 200 in 271ms (compile: 97ms, proxy.ts: 4ms, generate-params: 57ms, render: 170ms)
 GET /en-EN/dashboard 200 in 301ms (compile: 90ms, proxy.ts: 11ms, generate-params: 51ms, render: 200ms)
 GET /en-EN/dashboard 200 in 303ms (compile: 97ms, proxy.ts: 8ms, generate-params: 57ms, render: 198ms)
 GET /en-EN/dashboard 200 in 596ms (compile: 152ms, proxy.ts: 9ms, generate-params: 73ms, render: 435ms)
 GET /en-EN/dashboard 200 in 329ms (compile: 108ms, proxy.ts: 6ms, generate-params: 54ms, render: 216ms)
✓ Compiled in 225ms
 GET /en-EN/dashboard 200 in 513ms (compile: 259ms, proxy.ts: 6ms, generate-params: 53ms, render: 248ms)
✓ Compiled in 264ms
 GET /en-EN/dashboard 200 in 625ms (compile: 338ms, proxy.ts: 69ms, generate-params: 66ms, render: 218ms)
 GET /en-EN/dashboard 200 in 919ms (compile: 428ms, proxy.ts: 65ms, generate-params: 49ms, render: 426ms)
 GET /en-EN/dashboard 200 in 314ms (compile: 16ms, proxy.ts: 56ms, generate-params: 99µs, render: 242ms)
✓ Compiled in 273ms
 GET /en-EN/dashboard 200 in 435ms (compile: 148ms, proxy.ts: 7ms, generate-params: 85ms, render: 279ms)
 GET /en-EN/dashboard 200 in 1183ms (compile: 852ms, proxy.ts: 10ms, generate-params: 52ms, render: 321ms)
 GET /en-EN/dashboard 200 in 218ms (compile: 11ms, proxy.ts: 57ms, generate-params: 46µs, render: 151ms)
✓ Compiled in 245ms
 GET /en-EN/dashboard 200 in 639ms (compile: 306ms, proxy.ts: 67ms, generate-params: 52ms, render: 266ms)
 GET /en-EN/dashboard 200 in 765ms (compile: 357ms, proxy.ts: 93ms, generate-params: 43ms, render: 315ms)
 GET /en-EN/dashboard 200 in 185ms (compile: 9ms, proxy.ts: 50ms, generate-params: 42µs, render: 125ms)
 GET /en-EN/dashboard 200 in 319ms (compile: 113ms, proxy.ts: 4ms, generate-params: 54ms, render: 202ms)
 GET /en-EN/dashboard 200 in 495ms (compile: 159ms, proxy.ts: 10ms, generate-params: 90ms, render: 326ms)
✓ Compiled in 314ms
 GET /en-EN/dashboard 200 in 932ms (compile: 334ms, proxy.ts: 13ms, generate-params: 81ms, render: 585ms)
 GET /en-EN/dashboard 200 in 369ms (compile: 16ms, proxy.ts: 81ms, generate-params: 47µs, render: 272ms)
✓ Compiled in 301ms
✓ Compiled in 394ms
 GET /en-EN/dashboard 200 in 618ms (compile: 271ms, proxy.ts: 8ms, generate-params: 100ms, render: 340ms)
✓ Compiled in 351ms
 GET /en-EN/dashboard 200 in 1059ms (compile: 465ms, proxy.ts: 9ms, generate-params: 71ms, render: 585ms)
 GET /en-EN/dashboard 200 in 397ms (compile: 26ms, proxy.ts: 235ms, generate-params: 80µs, render: 136ms)
 GET /en-EN/dashboard 200 in 378ms (compile: 112ms, proxy.ts: 5ms, generate-params: 64ms, render: 261ms)
 GET /en-EN/dashboard 200 in 413ms (compile: 148ms, proxy.ts: 8ms, generate-params: 84ms, render: 258ms)
 GET /en-EN/dashboard 200 in 346ms (compile: 125ms, proxy.ts: 5ms, generate-params: 66ms, render: 216ms)
 GET /en-EN/dashboard 200 in 445ms (compile: 128ms, proxy.ts: 6ms, generate-params: 67ms, render: 311ms)
✓ Compiled in 348ms
 GET /en-EN/dashboard 200 in 542ms (compile: 174ms, proxy.ts: 8ms, generate-params: 100ms, render: 361ms)
✓ Compiled in 358ms
 GET /en-EN/dashboard 200 in 754ms (compile: 306ms, proxy.ts: 8ms, generate-params: 76ms, render: 440ms)
 GET /en-EN/dashboard 200 in 583ms (compile: 370ms, proxy.ts: 17ms, generate-params: 45ms, render: 196ms)
✓ Compiled in 222ms
 GET /en-EN/dashboard 200 in 552ms (compile: 318ms, proxy.ts: 51ms, generate-params: 53ms, render: 184ms)
 GET /en-EN/dashboard 200 in 763ms (compile: 283ms, proxy.ts: 48ms, generate-params: 58ms, render: 433ms)

thread 'tokio-runtime-worker' (58366) panicked at turbopack/crates/turbo-tasks-fs/src/glob.rs:158:10:
A successfully parsed glob should produce a valid regex: Syntax(
~~~~~~~~~~~~~~~~~~~~~~~~~~~~~~~~~~~~~~~~~~~~~~~~~~~~~~~~~~~~~~~~~~~~~~~~~~~~~~~
regex parse error:
    (?-u)^(?:(?:/?|.*/)[^/]*\.(?:1769537681428|1769537828803|1769537919775|aspx|astro|cjs|css|cts|eex|erb|gjs|gts|haml|handlebars|hbs|heex|html|jade|js|json|jsx|liquid|log|md|mdx|mjs|mts|mustache|njk|nunjucks|php|pug|py|razor|rb|rhtml|rs|slim|svelte|svg|tpl|ts|tsx|twig|vue)|(?:(?:/?|.*/)[^/]*\.(?:1769537681428|1769537828803|1769537919775|aspx|astro|cjs|css|cts|eex|erb|gjs|gts|haml|handlebars|hbs|heex|html|jade|js|json|jsx|liquid|log|md|mdx|mjs|mts|mustache|njk|nunjucks|php|pug|py|razor|rb|rhtml|rs|slim|svelte|svg|tpl|ts|tsx|twig|vue)|(?:(?:/?|.*/)[^/]*\.(?:1769537681428|1769537828803|1769537919775|aspx|astro|cjs|css|cts|eex|erb|gjs|gts|haml|handlebars|hbs|heex|html|jade|js|json|jsx|liquid|log|md|mdx|mjs|mts|mustache|njk|nunjucks|php|pug|py|razor|rb|rhtml|rs|slim|svelte|svg|tpl|ts|tsx|twig|vue)|(?:(?:/?|.*/)[^/]*\.(?:1769537681428|1769537828803|1769537919775|aspx|astro|cjs|css|cts|eex|erb|gjs|gts|haml|handlebars|hbs|heex|html|jade|js|json|jsx|liquid|log|md|mdx|mjs|mts|mustache|njk|nunjucks|php|pug|py|razor|rb|rhtml|rs|slim|svelte|svg|tpl|ts|tsx|twig|vue)|(?:(?:/?|.*/)[^/]*\.(?:1769537681428|1769537828803|1769537919775|aspx|astro|cjs|css|cts|eex|erb|gjs|gts|haml|handlebars|hbs|heex|html|jade|js|json|jsx|liquid|log|md|mdx|mjs|mts|mustache|njk|nunjucks|php|pug|py|razor|rb|rhtml|rs|slim|svelte|svg|tpl|ts|tsx|twig|vue)|(?:(?:/?|.*/)[^/]*\.(?:1769537681428|1769537828803|1769537919775|aspx|astro|cjs|css|cts|eex|erb|gjs|gts|haml|handlebars|hbs|heex|html|jade|js|json|jsx|liquid|log|md|mdx|mjs|mts|mustache|njk|nunjucks|php|pug|py|razor|rb|rhtml|rs|slim|svelte|svg|tpl|ts|tsx|twig|vue)|(?:(?:/?|.*/)[^/]*\.(?:1769537681428|1769537828803|1769537919775|aspx|astro|cjs|css|cts|eex|erb|gjs|gts|haml|handlebars|hbs|heex|html|jade|js|json|jsx|liquid|log|md|mdx|mjs|mts|mustache|njk|nunjucks|php|pug|py|razor|rb|rhtml|rs|slim|svelte|svg|tpl|ts|tsx|twig|vue)|(?:(?:/?|.*/)[^/]*\.(?:1769537681428|1769537828803|1769537919775|aspx|astro|cjs|css|cts|eex|erb|gjs|gts|haml|handlebars|hbs|heex|html|jade|js|json|jsx|liquid|log|md|mdx|mjs|mts|mustache|njk|nunjucks|php|pug|py|razor|rb|rhtml|rs|slim|svelte|svg|tpl|ts|tsx|twig|vue)|(?:(?:/?|.*/)[^/]*\.(?:1769537681428|1769537828803|1769537919775|aspx|astro|cjs|css|cts|eex|erb|gjs|gts|haml|handlebars|hbs|heex|html|jade|js|json|jsx|liquid|log|md|mdx|mjs|mts|mustache|njk|nunjucks|php|pug|py|razor|rb|rhtml|rs|slim|svelte|svg|tpl|ts|tsx|twig|vue)|(?:(?:/?|.*/)[^/]*\.(?:1769537681428|1769537828803|1769537919775|aspx|astro|cjs|css|cts|eex|erb|gjs|gts|haml|handlebars|hbs|heex|html|jade|js|json|jsx|liquid|log|md|mdx|mjs|mts|mustache|njk|nunjucks|php|pug|py|razor|rb|rhtml|rs|slim|svelte|svg|tpl|ts|tsx|twig|vue)|(?:(?:/?|.*/)[^/]*\.(?:1769537681428|1769537828803|1769537919775|aspx|astro|cjs|css|cts|eex|erb|gjs|gts|haml|handlebars|hbs|heex|html|jade|js|json|jsx|liquid|log|md|mdx|mjs|mts|mustache|njk|nunjucks|php|pug|py|razor|rb|rhtml|rs|slim|svelte|svg|tpl|ts|tsx|twig|vue)|(?:(?:/?|.*/)[^/]*\.(?:1769537681428|1769537828803|1769537919775|aspx|astro|cjs|css|cts|eex|erb|gjs|gts|haml|handlebars|hbs|heex|html|jade|js|json|jsx|liquid|log|md|mdx|mjs|mts|mustache|njk|nunjucks|php|pug|py|razor|rb|rhtml|rs|slim|svelte|svg|tpl|ts|tsx|twig|vue)|(?:(?:/?|.*/)[^/]*\.(?:1769537681428|1769537828803|1769537919775|aspx|astro|cjs|css|cts|eex|erb|gjs|gts|haml|handlebars|hbs|heex|html|jade|js|json|jsx|liquid|log|md|mdx|mjs|mts|mustache|njk|nunjucks|php|pug|py|razor|rb|rhtml|rs|slim|svelte|svg|tpl|ts|tsx|twig|vue)|(?:(?:/?|.*/)[^/]*\.(?:1769537681428|1769537828803|1769537919775|aspx|astro|cjs|css|cts|eex|erb|gjs|gts|haml|handlebars|hbs|heex|html|jade|js|json|jsx|liquid|log|md|mdx|mjs|mts|mustache|njk|nunjucks|php|pug|py|razor|rb|rhtml|rs|slim|svelte|svg|tpl|ts|tsx|twig|vue)|(?:(?:/?|.*/)[^/]*\.(?:1769537681428|1769537828803|1769537919775|aspx|astro|cjs|css|cts|eex|erb|gjs|gts|haml|handlebars|hbs|heex|html|jade|js|json|jsx|liquid|log|md|mdx|mjs|mts|mustache|njk|nunjucks|php|pug|py|razor|rb|rhtml|rs|slim|svelte|svg|tpl|ts|tsx|twig|vue)|(?:(?:/?|.*/)[^/]*\.(?:1769537681428|1769537828803|1769537919775|aspx|astro|cjs|css|cts|eex|erb|gjs|gts|haml|handlebars|hbs|heex|html|jade|js|json|jsx|liquid|log|md|mdx|mjs|mts|mustache|njk|nunjucks|php|pug|py|razor|rb|rhtml|rs|slim|svelte|svg|tpl|ts|tsx|twig|vue)|(?:(?:/?|.*/)[^/]*\.(?:1769537681428|1769537828803|1769537919775|aspx|astro|cjs|css|cts|eex|erb|gjs|gts|haml|handlebars|hbs|heex|html|jade|js|json|jsx|liquid|log|md|mdx|mjs|mts|mustache|njk|nunjucks|php|pug|py|razor|rb|rhtml|rs|slim|svelte|svg|tpl|ts|tsx|twig|vue)|(?:(?:/?|.*/)[^/]*\.(?:1769537681428|1769537828803|aspx|astro|cjs|css|cts|eex|erb|gjs|gts|haml|handlebars|hbs|heex|html|jade|js|json|jsx|liquid|log|md|mdx|mjs|mts|mustache|njk|nunjucks|php|pug|py|razor|rb|rhtml|rs|slim|svelte|svg|tpl|ts|tsx|twig|vue)|(?:(?:/?|.*/)[^/]*\.(?:1769537681428|1769537828803|aspx|astro|cjs|css|cts|eex|erb|gjs|gts|haml|handlebars|hbs|heex|html|jade|js|json|jsx|liquid|log|md|mdx|mjs|mts|mustache|njk|nunjucks|php|pug|py|razor|rb|rhtml|rs|slim|svelte|svg|tpl|ts|tsx|twig|vue)|(?:(?:/?|.*/)[^/]*\.(?:1769537681428|1769537828803|aspx|astro|cjs|css|cts|eex|erb|gjs|gts|haml|handlebars|hbs|heex|html|jade|js|json|jsx|liquid|log|md|mdx|mjs|mts|mustache|njk|nunjucks|php|pug|py|razor|rb|rhtml|rs|slim|svelte|svg|tpl|ts|tsx|twig|vue)|(?:(?:/?|.*/)[^/]*\.(?:1769537681428|1769537828803|aspx|astro|cjs|css|cts|eex|erb|gjs|gts|haml|handlebars|hbs|heex|html|jade|js|json|jsx|liquid|log|md|mdx|mjs|mts|mustache|njk|nunjucks|php|pug|py|razor|rb|rhtml|rs|slim|svelte|svg|tpl|ts|tsx|twig|vue)|(?:(?:/?|.*/)[^/]*\.(?:1769537681428|1769537828803|aspx|astro|cjs|css|cts|eex|erb|gjs|gts|haml|handlebars|hbs|heex|html|jade|js|json|jsx|liquid|log|md|mdx|mjs|mts|mustache|njk|nunjucks|php|pug|py|razor|rb|rhtml|rs|slim|svelte|svg|tpl|ts|tsx|twig|vue)|(?:(?:/?|.*/)[^/]*\.(?:1769537681428|1769537828803|aspx|astro|cjs|css|cts|eex|erb|gjs|gts|haml|handlebars|hbs|heex|html|jade|js|json|jsx|liquid|log|md|mdx|mjs|mts|mustache|njk|nunjucks|php|pug|py|razor|rb|rhtml|rs|slim|svelte|svg|tpl|ts|tsx|twig|vue)|(?:(?:/?|.*/)[^/]*\.(?:1769537681428|1769537828803|aspx|astro|cjs|css|cts|eex|erb|gjs|gts|haml|handlebars|hbs|heex|html|jade|js|json|jsx|liquid|log|md|mdx|mjs|mts|mustache|njk|nunjucks|php|pug|py|razor|rb|rhtml|rs|slim|svelte|svg|tpl|ts|tsx|twig|vue)|(?:(?:/?|.*/)[^/]*\.(?:1769537681428|1769537828803|aspx|astro|cjs|css|cts|eex|erb|gjs|gts|haml|handlebars|hbs|heex|html|jade|js|json|jsx|liquid|log|md|mdx|mjs|mts|mustache|njk|nunjucks|php|pug|py|razor|rb|rhtml|rs|slim|svelte|svg|tpl|ts|tsx|twig|vue)|(?:(?:/?|.*/)[^/]*\.(?:1769537681428|1769537828803|aspx|astro|cjs|css|cts|eex|erb|gjs|gts|haml|handlebars|hbs|heex|html|jade|js|json|jsx|liquid|log|md|mdx|mjs|mts|mustache|njk|nunjucks|php|pug|py|razor|rb|rhtml|rs|slim|svelte|svg|tpl|ts|tsx|twig|vue)|(?:(?:/?|.*/)[^/]*\.(?:1769537681428|1769537828803|aspx|astro|cjs|css|cts|eex|erb|gjs|gts|haml|handlebars|hbs|heex|html|jade|js|json|jsx|liquid|log|md|mdx|mjs|mts|mustache|njk|nunjucks|php|pug|py|razor|rb|rhtml|rs|slim|svelte|svg|tpl|ts|tsx|twig|vue)|(?:(?:/?|.*/)[^/]*\.(?:1769537681428|1769537828803|aspx|astro|cjs|css|cts|eex|erb|gjs|gts|haml|handlebars|hbs|heex|html|jade|js|json|jsx|liquid|log|md|mdx|mjs|mts|mustache|njk|nunjucks|php|pug|py|razor|rb|rhtml|rs|slim|svelte|svg|tpl|ts|tsx|twig|vue)|(?:(?:/?|.*/)[^/]*\.(?:1769537681428|1769537828803|aspx|astro|cjs|css|cts|eex|erb|gjs|gts|haml|handlebars|hbs|heex|html|jade|js|json|jsx|liquid|log|md|mdx|mjs|mts|mustache|njk|nunjucks|php|pug|py|razor|rb|rhtml|rs|slim|svelte|svg|tpl|ts|tsx|twig|vue)|(?:(?:/?|.*/)[^/]*\.(?:1769537681428|1769537828803|aspx|astro|cjs|css|cts|eex|erb|gjs|gts|haml|handlebars|hbs|heex|html|jade|js|json|jsx|liquid|log|md|mdx|mjs|mts|mustache|njk|nunjucks|php|pug|py|razor|rb|rhtml|rs|slim|svelte|svg|tpl|ts|tsx|twig|vue)|(?:(?:/?|.*/)[^/]*\.(?:1769537681428|1769537828803|aspx|astro|cjs|css|cts|eex|erb|gjs|gts|haml|handlebars|hbs|heex|html|jade|js|json|jsx|liquid|log|md|mdx|mjs|mts|mustache|njk|nunjucks|php|pug|py|razor|rb|rhtml|rs|slim|svelte|svg|tpl|ts|tsx|twig|vue)|(?:(?:/?|.*/)[^/]*\.(?:1769537681428|1769537828803|aspx|astro|cjs|css|cts|eex|erb|gjs|gts|haml|handlebars|hbs|heex|html|jade|js|json|jsx|liquid|log|md|mdx|mjs|mts|mustache|njk|nunjucks|php|pug|py|razor|rb|rhtml|rs|slim|svelte|svg|tpl|ts|tsx|twig|vue)|(?:(?:/?|.*/)[^/]*\.(?:1769537681428|1769537828803|aspx|astro|cjs|css|cts|eex|erb|gjs|gts|haml|handlebars|hbs|heex|html|jade|js|json|jsx|liquid|log|md|mdx|mjs|mts|mustache|njk|nunjucks|php|pug|py|razor|rb|rhtml|rs|slim|svelte|svg|tpl|ts|tsx|twig|vue)|(?:(?:/?|.*/)[^/]*\.(?:1769537681428|1769537828803|aspx|astro|cjs|css|cts|eex|erb|gjs|gts|haml|handlebars|hbs|heex|html|jade|js|json|jsx|liquid|log|md|mdx|mjs|mts|mustache|njk|nunjucks|php|pug|py|razor|rb|rhtml|rs|slim|svelte|svg|tpl|ts|tsx|twig|vue)|(?:(?:/?|.*/)[^/]*\.(?:1769537681428|1769537828803|aspx|astro|cjs|css|cts|eex|erb|gjs|gts|haml|handlebars|hbs|heex|html|jade|js|json|jsx|liquid|log|md|mdx|mjs|mts|mustache|njk|nunjucks|php|pug|py|razor|rb|rhtml|rs|slim|svelte|svg|tpl|ts|tsx|twig|vue)|(?:(?:/?|.*/)[^/]*\.(?:1769537681428|1769537828803|aspx|astro|cjs|css|cts|eex|erb|gjs|gts|haml|handlebars|hbs|heex|html|jade|js|json|jsx|liquid|log|md|mdx|mjs|mts|mustache|njk|nunjucks|php|pug|py|razor|rb|rhtml|rs|slim|svelte|svg|tpl|ts|tsx|twig|vue)|(?:(?:/?|.*/)[^/]*\.(?:1769537681428|1769537828803|aspx|astro|cjs|css|cts|eex|erb|gjs|gts|haml|handlebars|hbs|heex|html|jade|js|json|jsx|liquid|log|md|mdx|mjs|mts|mustache|njk|nunjucks|php|pug|py|razor|rb|rhtml|rs|slim|svelte|svg|tpl|ts|tsx|twig|vue)|(?:(?:/?|.*/)[^/]*\.(?:1769537681428|1769537828803|aspx|astro|cjs|css|cts|eex|erb|gjs|gts|haml|handlebars|hbs|heex|html|jade|js|json|jsx|liquid|log|md|mdx|mjs|mts|mustache|njk|nunjucks|php|pug|py|razor|rb|rhtml|rs|slim|svelte|svg|tpl|ts|tsx|twig|vue)|(?:(?:/?|.*/)[^/]*\.(?:1769537681428|1769537828803|aspx|astro|cjs|css|cts|eex|erb|gjs|gts|haml|handlebars|hbs|heex|html|jade|js|json|jsx|liquid|log|md|mdx|mjs|mts|mustache|njk|nunjucks|php|pug|py|razor|rb|rhtml|rs|slim|svelte|svg|tpl|ts|tsx|twig|vue)|(?:(?:/?|.*/)[^/]*\.(?:1769537681428|1769537828803|aspx|astro|cjs|css|cts|eex|erb|gjs|gts|haml|handlebars|hbs|heex|html|jade|js|json|jsx|liquid|log|md|mdx|mjs|mts|mustache|njk|nunjucks|php|pug|py|razor|rb|rhtml|rs|slim|svelte|svg|tpl|ts|tsx|twig|vue)|(?:(?:/?|.*/)[^/]*\.(?:1769537681428|1769537828803|aspx|astro|cjs|css|cts|eex|erb|gjs|gts|haml|handlebars|hbs|heex|html|jade|js|json|jsx|liquid|log|md|mdx|mjs|mts|mustache|njk|nunjucks|php|pug|py|razor|rb|rhtml|rs|slim|svelte|svg|tpl|ts|tsx|twig|vue)|(?:(?:/?|.*/)[^/]*\.(?:1769537681428|1769537828803|aspx|astro|cjs|css|cts|eex|erb|gjs|gts|haml|handlebars|hbs|heex|html|jade|js|json|jsx|liquid|log|md|mdx|mjs|mts|mustache|njk|nunjucks|php|pug|py|razor|rb|rhtml|rs|slim|svelte|svg|tpl|ts|tsx|twig|vue)|(?:(?:/?|.*/)[^/]*\.(?:1769537681428|1769537828803|aspx|astro|cjs|css|cts|eex|erb|gjs|gts|haml|handlebars|hbs|heex|html|jade|js|json|jsx|liquid|log|md|mdx|mjs|mts|mustache|njk|nunjucks|php|pug|py|razor|rb|rhtml|rs|slim|svelte|svg|tpl|ts|tsx|twig|vue)|(?:(?:/?|.*/)[^/]*\.(?:1769537681428|1769537828803|aspx|astro|cjs|css|cts|eex|erb|gjs|gts|haml|handlebars|hbs|heex|html|jade|js|json|jsx|liquid|log|md|mdx|mjs|mts|mustache|njk|nunjucks|php|pug|py|razor|rb|rhtml|rs|slim|svelte|svg|tpl|ts|tsx|twig|vue)|(?:(?:/?|.*/)[^/]*\.(?:1769537681428|1769537828803|aspx|astro|cjs|css|cts|eex|erb|gjs|gts|haml|handlebars|hbs|heex|html|jade|js|json|jsx|liquid|log|md|mdx|mjs|mts|mustache|njk|nunjucks|php|pug|py|razor|rb|rhtml|rs|slim|svelte|svg|tpl|ts|tsx|twig|vue)|(?:(?:/?|.*/)[^/]*\.(?:1769537681428|1769537828803|aspx|astro|cjs|css|cts|eex|erb|gjs|gts|haml|handlebars|hbs|heex|html|jade|js|json|jsx|liquid|log|md|mdx|mjs|mts|mustache|njk|nunjucks|php|pug|py|razor|rb|rhtml|rs|slim|svelte|svg|tpl|ts|tsx|twig|vue)|(?:(?:/?|.*/)[^/]*\.(?:1769537681428|1769537828803|aspx|astro|cjs|css|cts|eex|erb|gjs|gts|haml|handlebars|hbs|heex|html|jade|js|json|jsx|liquid|log|md|mdx|mjs|mts|mustache|njk|nunjucks|php|pug|py|razor|rb|rhtml|rs|slim|svelte|svg|tpl|ts|tsx|twig|vue)|(?:(?:/?|.*/)[^/]*\.(?:1769537681428|1769537828803|aspx|astro|cjs|css|cts|eex|erb|gjs|gts|haml|handlebars|hbs|heex|html|jade|js|json|jsx|liquid|log|md|mdx|mjs|mts|mustache|njk|nunjucks|php|pug|py|razor|rb|rhtml|rs|slim|svelte|svg|tpl|ts|tsx|twig|vue)|(?:(?:/?|.*/)[^/]*\.(?:1769537681428|1769537828803|aspx|astro|cjs|css|cts|eex|erb|gjs|gts|haml|handlebars|hbs|heex|html|jade|js|json|jsx|liquid|log|md|mdx|mjs|mts|mustache|njk|nunjucks|php|pug|py|razor|rb|rhtml|rs|slim|svelte|svg|tpl|ts|tsx|twig|vue)|(?:(?:/?|.*/)[^/]*\.(?:1769537681428|1769537828803|aspx|astro|cjs|css|cts|eex|erb|gjs|gts|haml|handlebars|hbs|heex|html|jade|js|json|jsx|liquid|log|md|mdx|mjs|mts|mustache|njk|nunjucks|php|pug|py|razor|rb|rhtml|rs|slim|svelte|svg|tpl|ts|tsx|twig|vue)|(?:(?:/?|.*/)[^/]*\.(?:1769537681428|1769537828803|aspx|astro|cjs|css|cts|eex|erb|gjs|gts|haml|handlebars|hbs|heex|html|jade|js|json|jsx|liquid|log|md|mdx|mjs|mts|mustache|njk|nunjucks|php|pug|py|razor|rb|rhtml|rs|slim|svelte|svg|tpl|ts|tsx|twig|vue)|(?:(?:/?|.*/)[^/]*\.(?:1769537681428|1769537828803|aspx|astro|cjs|css|cts|eex|erb|gjs|gts|haml|handlebars|hbs|heex|html|jade|js|json|jsx|liquid|log|md|mdx|mjs|mts|mustache|njk|nunjucks|php|pug|py|razor|rb|rhtml|rs|slim|svelte|svg|tpl|ts|tsx|twig|vue)|(?:(?:/?|.*/)[^/]*\.(?:1769537681428|1769537828803|aspx|astro|cjs|css|cts|eex|erb|gjs|gts|haml|handlebars|hbs|heex|html|jade|js|json|jsx|liquid|log|md|mdx|mjs|mts|mustache|njk|nunjucks|php|pug|py|razor|rb|rhtml|rs|slim|svelte|svg|tpl|ts|tsx|twig|vue)|(?:(?:/?|.*/)[^/]*\.(?:1769537681428|1769537828803|aspx|astro|cjs|css|cts|eex|erb|gjs|gts|haml|handlebars|hbs|heex|html|jade|js|json|jsx|liquid|log|md|mdx|mjs|mts|mustache|njk|nunjucks|php|pug|py|razor|rb|rhtml|rs|slim|svelte|svg|tpl|ts|tsx|twig|vue)|(?:(?:/?|.*/)[^/]*\.(?:1769537681428|1769537828803|aspx|astro|cjs|css|cts|eex|erb|gjs|gts|haml|handlebars|hbs|heex|html|jade|js|json|jsx|liquid|log|md|mdx|mjs|mts|mustache|njk|nunjucks|php|pug|py|razor|rb|rhtml|rs|slim|svelte|svg|tpl|ts|tsx|twig|vue)|(?:(?:/?|.*/)[^/]*\.(?:1769537681428|1769537828803|aspx|astro|cjs|css|cts|eex|erb|gjs|gts|haml|handlebars|hbs|heex|html|jade|js|json|jsx|liquid|log|md|mdx|mjs|mts|mustache|njk|nunjucks|php|pug|py|razor|rb|rhtml|rs|slim|svelte|svg|tpl|ts|tsx|twig|vue)|(?:(?:/?|.*/)[^/]*\.(?:1769537681428|1769537828803|aspx|astro|cjs|css|cts|eex|erb|gjs|gts|haml|handlebars|hbs|heex|html|jade|js|json|jsx|liquid|log|md|mdx|mjs|mts|mustache|njk|nunjucks|php|pug|py|razor|rb|rhtml|rs|slim|svelte|svg|tpl|ts|tsx|twig|vue)|(?:(?:/?|.*/)[^/]*\.(?:1769537681428|1769537828803|aspx|astro|cjs|css|cts|eex|erb|gjs|gts|haml|handlebars|hbs|heex|html|jade|js|json|jsx|liquid|log|md|mdx|mjs|mts|mustache|njk|nunjucks|php|pug|py|razor|rb|rhtml|rs|slim|svelte|svg|tpl|ts|tsx|twig|vue)|(?:(?:/?|.*/)[^/]*\.(?:1769537681428|1769537828803|aspx|astro|cjs|css|cts|eex|erb|gjs|gts|haml|handlebars|hbs|heex|html|jade|js|json|jsx|liquid|log|md|mdx|mjs|mts|mustache|njk|nunjucks|php|pug|py|razor|rb|rhtml|rs|slim|svelte|svg|tpl|ts|tsx|twig|vue)|(?:(?:/?|.*/)[^/]*\.(?:1769537681428|1769537828803|aspx|astro|cjs|css|cts|eex|erb|gjs|gts|haml|handlebars|hbs|heex|html|jade|js|json|jsx|liquid|log|md|mdx|mjs|mts|mustache|njk|nunjucks|php|pug|py|razor|rb|rhtml|rs|slim|svelte|svg|tpl|ts|tsx|twig|vue)|(?:(?:/?|.*/)[^/]*\.(?:1769537681428|1769537828803|aspx|astro|cjs|css|cts|eex|erb|gjs|gts|haml|handlebars|hbs|heex|html|jade|js|json|jsx|liquid|log|md|mdx|mjs|mts|mustache|njk|nunjucks|php|pug|py|razor|rb|rhtml|rs|slim|svelte|svg|tpl|ts|tsx|twig|vue)|(?:(?:/?|.*/)[^/]*\.(?:1769537681428|1769537828803|aspx|astro|cjs|css|cts|eex|erb|gjs|gts|haml|handlebars|hbs|heex|html|jade|js|json|jsx|liquid|log|md|mdx|mjs|mts|mustache|njk|nunjucks|php|pug|py|razor|rb|rhtml|rs|slim|svelte|svg|tpl|ts|tsx|twig|vue)|(?:(?:/?|.*/)[^/]*\.(?:1769537681428|aspx|astro|cjs|css|cts|eex|erb|gjs|gts|haml|handlebars|hbs|heex|html|jade|js|json|jsx|liquid|log|md|mdx|mjs|mts|mustache|njk|nunjucks|php|pug|py|razor|rb|rhtml|rs|slim|svelte|svg|tpl|ts|tsx|twig|vue)|(?:(?:/?|.*/)[^/]*\.(?:1769537681428|aspx|astro|cjs|css|cts|eex|erb|gjs|gts|haml|handlebars|hbs|heex|html|jade|js|json|jsx|liquid|log|md|mdx|mjs|mts|mustache|njk|nunjucks|php|pug|py|razor|rb|rhtml|rs|slim|svelte|svg|tpl|ts|tsx|twig|vue)|(?:(?:/?|.*/)[^/]*\.(?:1769537681428|aspx|astro|cjs|css|cts|eex|erb|gjs|gts|haml|handlebars|hbs|heex|html|jade|js|json|jsx|liquid|log|md|mdx|mjs|mts|mustache|njk|nunjucks|php|pug|py|razor|rb|rhtml|rs|slim|svelte|svg|tpl|ts|tsx|twig|vue)|(?:(?:/?|.*/)[^/]*\.(?:1769537681428|aspx|astro|cjs|css|cts|eex|erb|gjs|gts|haml|handlebars|hbs|heex|html|jade|js|json|jsx|liquid|log|md|mdx|mjs|mts|mustache|njk|nunjucks|php|pug|py|razor|rb|rhtml|rs|slim|svelte|svg|tpl|ts|tsx|twig|vue)|(?:(?:/?|.*/)[^/]*\.(?:1769537681428|aspx|astro|cjs|css|cts|eex|erb|gjs|gts|haml|handlebars|hbs|heex|html|jade|js|json|jsx|liquid|log|md|mdx|mjs|mts|mustache|njk|nunjucks|php|pug|py|razor|rb|rhtml|rs|slim|svelte|svg|tpl|ts|tsx|twig|vue)|(?:(?:/?|.*/)[^/]*\.(?:1769537681428|aspx|astro|cjs|css|cts|eex|erb|gjs|gts|haml|handlebars|hbs|heex|html|jade|js|json|jsx|liquid|log|md|mdx|mjs|mts|mustache|njk|nunjucks|php|pug|py|razor|rb|rhtml|rs|slim|svelte|svg|tpl|ts|tsx|twig|vue)|(?:(?:/?|.*/)[^/]*\.(?:1769537681428|aspx|astro|cjs|css|cts|eex|erb|gjs|gts|haml|handlebars|hbs|heex|html|jade|js|json|jsx|liquid|log|md|mdx|mjs|mts|mustache|njk|nunjucks|php|pug|py|razor|rb|rhtml|rs|slim|svelte|svg|tpl|ts|tsx|twig|vue)|(?:(?:/?|.*/)[^/]*\.(?:1769537681428|aspx|astro|cjs|css|cts|eex|erb|gjs|gts|haml|handlebars|hbs|heex|html|jade|js|json|jsx|liquid|log|md|mdx|mjs|mts|mustache|njk|nunjucks|php|pug|py|razor|rb|rhtml|rs|slim|svelte|svg|tpl|ts|tsx|twig|vue)|(?:(?:/?|.*/)[^/]*\.(?:1769537681428|aspx|astro|cjs|css|cts|eex|erb|gjs|gts|haml|handlebars|hbs|heex|html|jade|js|json|jsx|liquid|log|md|mdx|mjs|mts|mustache|njk|nunjucks|php|pug|py|razor|rb|rhtml|rs|slim|svelte|svg|tpl|ts|tsx|twig|vue)|(?:(?:/?|.*/)[^/]*\.(?:1769537681428|aspx|astro|cjs|css|cts|eex|erb|gjs|gts|haml|handlebars|hbs|heex|html|jade|js|json|jsx|liquid|log|md|mdx|mjs|mts|mustache|njk|nunjucks|php|pug|py|razor|rb|rhtml|rs|slim|svelte|svg|tpl|ts|tsx|twig|vue)|(?:(?:/?|.*/)[^/]*\.(?:1769537681428|aspx|astro|cjs|css|cts|eex|erb|gjs|gts|haml|handlebars|hbs|heex|html|jade|js|json|jsx|liquid|log|md|mdx|mjs|mts|mustache|njk|nunjucks|php|pug|py|razor|rb|rhtml|rs|slim|svelte|svg|tpl|ts|tsx|twig|vue)|(?:(?:/?|.*/)[^/]*\.(?:1769537681428|aspx|astro|cjs|css|cts|eex|erb|gjs|gts|haml|handlebars|hbs|heex|html|jade|js|json|jsx|liquid|log|md|mdx|mjs|mts|mustache|njk|nunjucks|php|pug|py|razor|rb|rhtml|rs|slim|svelte|svg|tpl|ts|tsx|twig|vue)|(?:(?:/?|.*/)[^/]*\.(?:1769537681428|aspx|astro|cjs|css|cts|eex|erb|gjs|gts|haml|handlebars|hbs|heex|html|jade|js|json|jsx|liquid|log|md|mdx|mjs|mts|mustache|njk|nunjucks|php|pug|py|razor|rb|rhtml|rs|slim|svelte|svg|tpl|ts|tsx|twig|vue)|(?:(?:/?|.*/)[^/]*\.(?:1769537681428|aspx|astro|cjs|css|cts|eex|erb|gjs|gts|haml|handlebars|hbs|heex|html|jade|js|json|jsx|liquid|log|md|mdx|mjs|mts|mustache|njk|nunjucks|php|pug|py|razor|rb|rhtml|rs|slim|svelte|svg|tpl|ts|tsx|twig|vue)|(?:(?:/?|.*/)[^/]*\.(?:1769537681428|aspx|astro|cjs|css|cts|eex|erb|gjs|gts|haml|handlebars|hbs|heex|html|jade|js|json|jsx|liquid|log|md|mdx|mjs|mts|mustache|njk|nunjucks|php|pug|py|razor|rb|rhtml|rs|slim|svelte|svg|tpl|ts|tsx|twig|vue)|(?:(?:/?|.*/)[^/]*\.(?:1769537681428|aspx|astro|cjs|css|cts|eex|erb|gjs|gts|haml|handlebars|hbs|heex|html|jade|js|json|jsx|liquid|log|md|mdx|mjs|mts|mustache|njk|nunjucks|php|pug|py|razor|rb|rhtml|rs|slim|svelte|svg|tpl|ts|tsx|twig|vue)|(?:(?:/?|.*/)[^/]*\.(?:1769537681428|aspx|astro|cjs|css|cts|eex|erb|gjs|gts|haml|handlebars|hbs|heex|html|jade|js|json|jsx|liquid|log|md|mdx|mjs|mts|mustache|njk|nunjucks|php|pug|py|razor|rb|rhtml|rs|slim|svelte|svg|tpl|ts|tsx|twig|vue)|(?:(?:/?|.*/)[^/]*\.(?:1769537681428|aspx|astro|cjs|css|cts|eex|erb|gjs|gts|haml|handlebars|hbs|heex|html|jade|js|json|jsx|liquid|log|md|mdx|mjs|mts|mustache|njk|nunjucks|php|pug|py|razor|rb|rhtml|rs|slim|svelte|svg|tpl|ts|tsx|twig|vue)|(?:(?:/?|.*/)[^/]*\.(?:1769537681428|aspx|astro|cjs|css|cts|eex|erb|gjs|gts|haml|handlebars|hbs|heex|html|jade|js|json|jsx|liquid|log|md|mdx|mjs|mts|mustache|njk|nunjucks|php|pug|py|razor|rb|rhtml|rs|slim|svelte|svg|tpl|ts|tsx|twig|vue)|(?:(?:/?|.*/)[^/]*\.(?:1769537681428|aspx|astro|cjs|css|cts|eex|erb|gjs|gts|haml|handlebars|hbs|heex|html|jade|js|json|jsx|liquid|log|md|mdx|mjs|mts|mustache|njk|nunjucks|php|pug|py|razor|rb|rhtml|rs|slim|svelte|svg|tpl|ts|tsx|twig|vue)|(?:(?:/?|.*/)[^/]*\.(?:1769537681428|aspx|astro|cjs|css|cts|eex|erb|gjs|gts|haml|handlebars|hbs|heex|html|jade|js|json|jsx|liquid|log|md|mdx|mjs|mts|mustache|njk|nunjucks|php|pug|py|razor|rb|rhtml|rs|slim|svelte|svg|tpl|ts|tsx|twig|vue)|(?:(?:/?|.*/)[^/]*\.(?:1769537681428|aspx|astro|cjs|css|cts|eex|erb|gjs|gts|haml|handlebars|hbs|heex|html|jade|js|json|jsx|liquid|log|md|mdx|mjs|mts|mustache|njk|nunjucks|php|pug|py|razor|rb|rhtml|rs|slim|svelte|svg|tpl|ts|tsx|twig|vue)|(?:(?:/?|.*/)[^/]*\.(?:1769537681428|aspx|astro|cjs|css|cts|eex|erb|gjs|gts|haml|handlebars|hbs|heex|html|jade|js|json|jsx|liquid|log|md|mdx|mjs|mts|mustache|njk|nunjucks|php|pug|py|razor|rb|rhtml|rs|slim|svelte|svg|tpl|ts|tsx|twig|vue)|(?:(?:/?|.*/)[^/]*\.(?:1769537681428|aspx|astro|cjs|css|cts|eex|erb|gjs|gts|haml|handlebars|hbs|heex|html|jade|js|json|jsx|liquid|log|md|mdx|mjs|mts|mustache|njk|nunjucks|php|pug|py|razor|rb|rhtml|rs|slim|svelte|svg|tpl|ts|tsx|twig|vue)|(?:(?:/?|.*/)[^/]*\.(?:1769537681428|aspx|astro|cjs|css|cts|eex|erb|gjs|gts|haml|handlebars|hbs|heex|html|jade|js|json|jsx|liquid|log|md|mdx|mjs|mts|mustache|njk|nunjucks|php|pug|py|razor|rb|rhtml|rs|slim|svelte|svg|tpl|ts|tsx|twig|vue)|(?:(?:/?|.*/)[^/]*\.(?:1769537681428|aspx|astro|cjs|css|cts|eex|erb|gjs|gts|haml|handlebars|hbs|heex|html|jade|js|json|jsx|liquid|log|md|mdx|mjs|mts|mustache|njk|nunjucks|php|pug|py|razor|rb|rhtml|rs|slim|svelte|svg|tpl|ts|tsx|twig|vue)|(?:(?:/?|.*/)[^/]*\.(?:1769537681428|aspx|astro|cjs|css|cts|eex|erb|gjs|gts|haml|handlebars|hbs|heex|html|jade|js|json|jsx|liquid|log|md|mdx|mjs|mts|mustache|njk|nunjucks|php|pug|py|razor|rb|rhtml|rs|slim|svelte|svg|tpl|ts|tsx|twig|vue)|(?:(?:/?|.*/)[^/]*\.(?:1769537681428|aspx|astro|cjs|css|cts|eex|erb|gjs|gts|haml|handlebars|hbs|heex|html|jade|js|json|jsx|liquid|log|md|mdx|mjs|mts|mustache|njk|nunjucks|php|pug|py|razor|rb|rhtml|rs|slim|svelte|svg|tpl|ts|tsx|twig|vue)|(?:(?:/?|.*/)[^/]*\.(?:1769537681428|aspx|astro|cjs|css|cts|eex|erb|gjs|gts|haml|handlebars|hbs|heex|html|jade|js|json|jsx|liquid|log|md|mdx|mjs|mts|mustache|njk|nunjucks|php|pug|py|razor|rb|rhtml|rs|slim|svelte|svg|tpl|ts|tsx|twig|vue)|(?:(?:/?|.*/)[^/]*\.(?:1769537681428|aspx|astro|cjs|css|cts|eex|erb|gjs|gts|haml|handlebars|hbs|heex|html|jade|js|json|jsx|liquid|log|md|mdx|mjs|mts|mustache|njk|nunjucks|php|pug|py|razor|rb|rhtml|rs|slim|svelte|svg|tpl|ts|tsx|twig|vue)|(?:(?:/?|.*/)[^/]*\.(?:1769537681428|aspx|astro|cjs|css|cts|eex|erb|gjs|gts|haml|handlebars|hbs|heex|html|jade|js|json|jsx|liquid|log|md|mdx|mjs|mts|mustache|njk|nunjucks|php|pug|py|razor|rb|rhtml|rs|slim|svelte|svg|tpl|ts|tsx|twig|vue)|(?:(?:/?|.*/)[^/]*\.(?:1769537681428|aspx|astro|cjs|css|cts|eex|erb|gjs|gts|haml|handlebars|hbs|heex|html|jade|js|json|jsx|liquid|log|md|mdx|mjs|mts|mustache|njk|nunjucks|php|pug|py|razor|rb|rhtml|rs|slim|svelte|svg|tpl|ts|tsx|twig|vue)|(?:(?:/?|.*/)[^/]*\.(?:1769537681428|aspx|astro|cjs|css|cts|eex|erb|gjs|gts|haml|handlebars|hbs|heex|html|jade|js|json|jsx|liquid|log|md|mdx|mjs|mts|mustache|njk|nunjucks|php|pug|py|razor|rb|rhtml|rs|slim|svelte|svg|tpl|ts|tsx|twig|vue)|(?:(?:/?|.*/)[^/]*\.(?:1769537681428|aspx|astro|cjs|css|cts|eex|erb|gjs|gts|haml|handlebars|hbs|heex|html|jade|js|json|jsx|liquid|log|md|mdx|mjs|mts|mustache|njk|nunjucks|php|pug|py|razor|rb|rhtml|rs|slim|svelte|svg|tpl|ts|tsx|twig|vue)|(?:(?:/?|.*/)[^/]*\.(?:1769537681428|aspx|astro|cjs|css|cts|eex|erb|gjs|gts|haml|handlebars|hbs|heex|html|jade|js|json|jsx|liquid|log|md|mdx|mjs|mts|mustache|njk|nunjucks|php|pug|py|razor|rb|rhtml|rs|slim|svelte|svg|tpl|ts|tsx|twig|vue)|(?:(?:/?|.*/)[^/]*\.(?:1769537681428|aspx|astro|cjs|css|cts|eex|erb|gjs|gts|haml|handlebars|hbs|heex|html|jade|js|json|jsx|liquid|log|md|mdx|mjs|mts|mustache|njk|nunjucks|php|pug|py|razor|rb|rhtml|rs|slim|svelte|svg|tpl|ts|tsx|twig|vue)|(?:(?:/?|.*/)[^/]*\.(?:1769537681428|aspx|astro|cjs|css|cts|eex|erb|gjs|gts|haml|handlebars|hbs|heex|html|jade|js|json|jsx|liquid|log|md|mdx|mjs|mts|mustache|njk|nunjucks|php|pug|py|razor|rb|rhtml|rs|slim|svelte|svg|tpl|ts|tsx|twig|vue)|(?:(?:/?|.*/)[^/]*\.(?:1769537681428|aspx|astro|cjs|css|cts|eex|erb|gjs|gts|haml|handlebars|hbs|heex|html|jade|js|json|jsx|liquid|log|md|mdx|mjs|mts|mustache|njk|nunjucks|php|pug|py|razor|rb|rhtml|rs|slim|svelte|svg|tpl|ts|tsx|twig|vue)|(?:(?:/?|.*/)[^/]*\.(?:1769537681428|aspx|astro|cjs|css|cts|eex|erb|gjs|gts|haml|handlebars|hbs|heex|html|jade|js|json|jsx|liquid|log|md|mdx|mjs|mts|mustache|njk|nunjucks|php|pug|py|razor|rb|rhtml|rs|slim|svelte|svg|tpl|ts|tsx|twig|vue)|(?:(?:/?|.*/)[^/]*\.(?:1769537681428|aspx|astro|cjs|css|cts|eex|erb|gjs|gts|haml|handlebars|hbs|heex|html|jade|js|json|jsx|liquid|log|md|mdx|mjs|mts|mustache|njk|nunjucks|php|pug|py|razor|rb|rhtml|rs|slim|svelte|svg|tpl|ts|tsx|twig|vue)|(?:(?:/?|.*/)[^/]*\.(?:1769537681428|aspx|astro|cjs|css|cts|eex|erb|gjs|gts|haml|handlebars|hbs|heex|html|jade|js|json|jsx|liquid|log|md|mdx|mjs|mts|mustache|njk|nunjucks|php|pug|py|razor|rb|rhtml|rs|slim|svelte|svg|tpl|ts|tsx|twig|vue)|(?:(?:/?|.*/)[^/]*\.(?:1769537681428|aspx|astro|cjs|css|cts|eex|erb|gjs|gts|haml|handlebars|hbs|heex|html|jade|js|json|jsx|liquid|log|md|mdx|mjs|mts|mustache|njk|nunjucks|php|pug|py|razor|rb|rhtml|rs|slim|svelte|svg|tpl|ts|tsx|twig|vue)|(?:(?:/?|.*/)[^/]*\.(?:1769537681428|aspx|astro|cjs|css|cts|eex|erb|gjs|gts|haml|handlebars|hbs|heex|html|jade|js|json|jsx|liquid|log|md|mdx|mjs|mts|mustache|njk|nunjucks|php|pug|py|razor|rb|rhtml|rs|slim|svelte|svg|tpl|ts|tsx|twig|vue)|(?:(?:/?|.*/)[^/]*\.(?:1769537681428|aspx|astro|cjs|css|cts|eex|erb|gjs|gts|haml|handlebars|hbs|heex|html|jade|js|json|jsx|liquid|log|md|mdx|mjs|mts|mustache|njk|nunjucks|php|pug|py|razor|rb|rhtml|rs|slim|svelte|svg|tpl|ts|tsx|twig|vue)|(?:(?:/?|.*/)[^/]*\.(?:1769537681428|aspx|astro|cjs|css|cts|eex|erb|gjs|gts|haml|handlebars|hbs|heex|html|jade|js|json|jsx|liquid|log|md|mdx|mjs|mts|mustache|njk|nunjucks|php|pug|py|razor|rb|rhtml|rs|slim|svelte|svg|tpl|ts|tsx|twig|vue)|(?:(?:/?|.*/)[^/]*\.(?:1769537681428|aspx|astro|cjs|css|cts|eex|erb|gjs|gts|haml|handlebars|hbs|heex|html|jade|js|json|jsx|liquid|log|md|mdx|mjs|mts|mustache|njk|nunjucks|php|pug|py|razor|rb|rhtml|rs|slim|svelte|svg|tpl|ts|tsx|twig|vue)|(?:(?:/?|.*/)[^/]*\.(?:1769537681428|aspx|astro|cjs|css|cts|eex|erb|gjs|gts|haml|handlebars|hbs|heex|html|jade|js|json|jsx|liquid|log|md|mdx|mjs|mts|mustache|njk|nunjucks|php|pug|py|razor|rb|rhtml|rs|slim|svelte|svg|tpl|ts|tsx|twig|vue)|(?:(?:/?|.*/)[^/]*\.(?:1769537681428|aspx|astro|cjs|css|cts|eex|erb|gjs|gts|haml|handlebars|hbs|heex|html|jade|js|json|jsx|liquid|log|md|mdx|mjs|mts|mustache|njk|nunjucks|php|pug|py|razor|rb|rhtml|rs|slim|svelte|svg|tpl|ts|tsx|twig|vue)|(?:(?:/?|.*/)[^/]*\.(?:1769537681428|aspx|astro|cjs|css|cts|eex|erb|gjs|gts|haml|handlebars|hbs|heex|html|jade|js|json|jsx|liquid|log|md|mdx|mjs|mts|mustache|njk|nunjucks|php|pug|py|razor|rb|rhtml|rs|slim|svelte|svg|tpl|ts|tsx|twig|vue)|(?:(?:/?|.*/)[^/]*\.(?:1769537681428|aspx|astro|cjs|css|cts|eex|erb|gjs|gts|haml|handlebars|hbs|heex|html|jade|js|json|jsx|liquid|log|md|mdx|mjs|mts|mustache|njk|nunjucks|php|pug|py|razor|rb|rhtml|rs|slim|svelte|svg|tpl|ts|tsx|twig|vue)|(?:(?:/?|.*/)[^/]*\.(?:1769537681428|aspx|astro|cjs|css|cts|eex|erb|gjs|gts|haml|handlebars|hbs|heex|html|jade|js|json|jsx|liquid|log|md|mdx|mjs|mts|mustache|njk|nunjucks|php|pug|py|razor|rb|rhtml|rs|slim|svelte|svg|tpl|ts|tsx|twig|vue)|(?:(?:/?|.*/)[^/]*\.(?:1769537681428|aspx|astro|cjs|css|cts|eex|erb|gjs|gts|haml|handlebars|hbs|heex|html|jade|js|json|jsx|liquid|log|md|mdx|mjs|mts|mustache|njk|nunjucks|php|pug|py|razor|rb|rhtml|rs|slim|svelte|svg|tpl|ts|tsx|twig|vue)|(?:(?:/?|.*/)[^/]*\.(?:1769537681428|aspx|astro|cjs|css|cts|eex|erb|gjs|gts|haml|handlebars|hbs|heex|html|jade|js|json|jsx|liquid|log|md|mdx|mjs|mts|mustache|njk|nunjucks|php|pug|py|razor|rb|rhtml|rs|slim|svelte|svg|tpl|ts|tsx|twig|vue)|(?:(?:/?|.*/)[^/]*\.(?:1769537681428|aspx|astro|cjs|css|cts|eex|erb|gjs|gts|haml|handlebars|hbs|heex|html|jade|js|json|jsx|liquid|log|md|mdx|mjs|mts|mustache|njk|nunjucks|php|pug|py|razor|rb|rhtml|rs|slim|svelte|svg|tpl|ts|tsx|twig|vue)|(?:(?:/?|.*/)[^/]*\.(?:1769537681428|aspx|astro|cjs|css|cts|eex|erb|gjs|gts|haml|handlebars|hbs|heex|html|jade|js|json|jsx|liquid|log|md|mdx|mjs|mts|mustache|njk|nunjucks|php|pug|py|razor|rb|rhtml|rs|slim|svelte|svg|tpl|ts|tsx|twig|vue)|(?:(?:/?|.*/)[^/]*\.(?:1769537681428|aspx|astro|cjs|css|cts|eex|erb|gjs|gts|haml|handlebars|hbs|heex|html|jade|js|json|jsx|liquid|log|md|mdx|mjs|mts|mustache|njk|nunjucks|php|pug|py|razor|rb|rhtml|rs|slim|svelte|svg|tpl|ts|tsx|twig|vue)|(?:(?:/?|.*/)[^/]*\.(?:1769537681428|aspx|astro|cjs|css|cts|eex|erb|gjs|gts|haml|handlebars|hbs|heex|html|jade|js|json|jsx|liquid|log|md|mdx|mjs|mts|mustache|njk|nunjucks|php|pug|py|razor|rb|rhtml|rs|slim|svelte|svg|tpl|ts|tsx|twig|vue)|(?:(?:/?|.*/)[^/]*\.(?:1769537681428|aspx|astro|cjs|css|cts|eex|erb|gjs|gts|haml|handlebars|hbs|heex|html|jade|js|json|jsx|liquid|log|md|mdx|mjs|mts|mustache|njk|nunjucks|php|pug|py|razor|rb|rhtml|rs|slim|svelte|svg|tpl|ts|tsx|twig|vue)|(?:(?:/?|.*/)[^/]*\.(?:1769537681428|aspx|astro|cjs|css|cts|eex|erb|gjs|gts|haml|handlebars|hbs|heex|html|jade|js|json|jsx|liquid|log|md|mdx|mjs|mts|mustache|njk|nunjucks|php|pug|py|razor|rb|rhtml|rs|slim|svelte|svg|tpl|ts|tsx|twig|vue)|(?:(?:/?|.*/)[^/]*\.(?:1769537681428|aspx|astro|cjs|css|cts|eex|erb|gjs|gts|haml|handlebars|hbs|heex|html|jade|js|json|jsx|liquid|log|md|mdx|mjs|mts|mustache|njk|nunjucks|php|pug|py|razor|rb|rhtml|rs|slim|svelte|svg|tpl|ts|tsx|twig|vue)|(?:(?:/?|.*/)[^/]*\.(?:1769537681428|aspx|astro|cjs|css|cts|eex|erb|gjs|gts|haml|handlebars|hbs|heex|html|jade|js|json|jsx|liquid|log|md|mdx|mjs|mts|mustache|njk|nunjucks|php|pug|py|razor|rb|rhtml|rs|slim|svelte|svg|tpl|ts|tsx|twig|vue)|(?:/?|.*/)[^/]*\.(?:aspx|astro|cjs|css|cts|eex|erb|gjs|gts|haml|handlebars|hbs|heex|html|jade|js|json|jsx|liquid|log|md|mdx|mjs|mts|mustache|njk|nunjucks|php|pug|py|razor|rb|rhtml|rs|slim|svelte|svg|tpl|ts|tsx|twig|vue))))))))))))))))))))))))))))))))))))))))))))))))))))))))))))))))))))))))))))))))))))))))))))))))))))))))))))))))))))))))))))$
                                                                                                                                                                                                                                                                                                                                                                                                                                                                                                                                                                                                                                                                                                                                                                                                                                                                                                                                                                                                                                                                                                                                                                                                                                                                                                                                                                                                                                                                                                                                                                                                                                                                                                                                                                                                                                                                                                                                                                                                                                                                                                                                                                                                                                                                                                                                                                                                                                                                                                                                                                                                                                                                                                                                                                                                                                                                                                                                                                                                                                                                                                                                                                                                                                                                                                                                                                                                                                                                                                                                                                                                                                                                                                                                                                                                                                                                                                                                                                                                                                                                                                                                                                                                                                                                                                                                                                                                                                                                                                                                                                                                                                                                                                                                                                                                                                                                                                                                                                                                                                                                                                                                                                                                                                                                                                                                                                                                                                                                                                                                                                                                                                                                                                                                                                                                                                                                                                                                                                                                                                                                                                                                                                                                                                                                                                                                                                                                                                                                                                                                                                                                                                                                                                                                                                                                                                                                                                                                                                                                                                                                                                                                                                                                                                                                                                                                                                                                                                                                                                                                                                                                                                                                                                                                                                                                                                                                                                                                                                                                                                                                                                                                                                                                                                                                                                                                                                                                                                                                                                                                                                                                                                                                                                                                                                                                                                                                                                                                                                                                                                                                                                                                                                                                                                                                                                                                                                                                                                                                                                                                                                                                                                                                                                                                                                                                                                                                                                                                                                                                                                                                                                                                                                                                                                                                                                                                                                                                                                                                                                                                                                                                                                                                                                                                                                                                                                                                                                                                                                                                                                                                                                                                                                                                                                                                                                                                                                                                                                                                                                                                                                                                                                                                                                                                                                                                                                                                                                                                                                                                                                                                                                                                                                                                                                                                                                                                                                                                                                                                                                                                                                                                                                                                                                                                                                                                                                                                                                                                                                                                                                                                                                                                                                                                                                                                                                                                                                                                                                                                                                                                                                                                                                                                                                                                                                                                                                                                                                                                                                                                                                                                                                                                                                                                                                                                                                                                                                                                                                                                                                                                                                                                                                                                                                                                                                                                                                                                                                                                                                                                                                                                                                                                                                                                                                                                                                                                                                                                                                                                                                                                                                                                                                                                                                                                                                                                                                                                                                                                                                                                                                                                                                                                                                                                                                                                                                                                                                                                                                                                                                                                                                                                                                                                                                                                                                                                                                                                                                                                                                                                                                                                                                                                                                                                                                                                                                                                                                                                                                                                                                                                                                                                                                                                                                                                                                                                                                                                                                                                                                                                                                                                                                                                                                                                                                                                                                                                                                                                                                                                                                                                                                                                                                                                                                                                                                                                                                                                                                                                                                                                                                                                                                                                                                                                                                                                                                                                                                                                                                                                                                                                                                                                                                                                                                                                                                                                                                                                                                                                                                                                                                                                                                                                                                                                                                                                                                                                                                                                                                                                                                                                                                                                                                                                                                                                                                                                                                                                                                                                                                                                                                                                                                                                                                                                                                                                                                                                                                                                                                                                                                                                                                                                                                                                                                                                                                                                                                                                                                                                                                                                                                                                                                                                                                                                                                                                                                                                                                                                                                                                                                                                                                                                                                                                                                                                                                                                                                                                                                                                                                                                                                                                                                                                                                                                                                                                                                                                                                                                                                                                                                                                                                                                                                                                                                                                                                                                                                                                                                                                                                                                                                                                                                                                                                                                                                                                                                                                                                                                                                                                                                                                                                                                                                                                                                                                                                                                                                                                                                                                                                                                                                                                                                                                                                                                                                                                                                                                                                                                                                                                                                                                                                                                                                                                                                                                                                                                                                                                                                                                                                                                                                                                                                                                                                                                                                                                                                                                                                                                                                                                                                                                                                                                                                                                                                                                                                                                                                                                                                                                                                                                                                                                                                                                                                                                                                                                                                                                                                                                                                                                                                                                                                                                                                                                                                                                                                                                                                                                                                                                                                                                                                                                                                                                                                                                                                                                                                                                                                                                                                                                                                                                                                                                                                                                                                                                                                                                                                                                                                                                                                                                                                                                                                                                                                                                                                                                                                                                                                                                                                                                                                                                                                                                                                                                                                                                                                                                                                                                                                                                                                                                                                                                                                                                                                                                                                                                                                                                                                                                                                                                                                                                                                                                                                                                                                                                                                                                                                                                                                                                                                                                                                                                                                                                                                                                                                                                                    ^^
error: exceed the maximum number of nested parentheses/brackets (250)
~~~~~~~~~~~~~~~~~~~~~~~~~~~~~~~~~~~~~~~~~~~~~~~~~~~~~~~~~~~~~~~~~~~~~~~~~~~~~~~
)
note: run with `RUST_BACKTRACE=1` environment variable to display a backtrace
 GET /en-EN/dashboard 200 in 707ms (compile: 53ms, proxy.ts: 218ms, generate-params: 28µs, render: 436ms)
 GET /en-EN/dashboard 200 in 317ms (compile: 72ms, proxy.ts: 59ms, generate-params: 60ms, render: 186ms)
 GET /en-EN/dashboard 200 in 230ms (compile: 39ms, proxy.ts: 11ms, generate-params: 30µs, render: 180ms)
 GET /en-EN/dashboard 200 in 320ms (compile: 102ms, proxy.ts: 6ms, generate-params: 61ms, render: 212ms)
✓ Compiled in 198ms
 GET /en-EN/dashboard 200 in 392ms (compile: 153ms, proxy.ts: 6ms, generate-params: 83ms, render: 233ms)
 GET /en-EN/dashboard 200 in 385ms (compile: 136ms, proxy.ts: 6ms, generate-params: 80ms, render: 243ms)
✓ Compiled in 210ms
 GET /en-EN/dashboard 200 in 312ms (compile: 101ms, proxy.ts: 7ms, generate-params: 61µs, render: 204ms)
 GET /en-EN/dashboard 200 in 443ms (compile: 143ms, proxy.ts: 6ms, generate-params: 77ms, render: 295ms)
 GET /en-EN/dashboard 200 in 380ms (compile: 111ms, proxy.ts: 6ms, generate-params: 62ms, render: 262ms)
✓ Compiled in 245ms
 GET /en-EN/dashboard 200 in 439ms (compile: 152ms, proxy.ts: 5ms, generate-params: 82ms, render: 281ms)
 GET /en-EN/dashboard 200 in 337ms (compile: 67ms, proxy.ts: 9ms, generate-params: 91µs, render: 261ms)
 GET /en-EN/dashboard 200 in 426ms (compile: 132ms, proxy.ts: 6ms, generate-params: 74ms, render: 288ms)
 GET /en-EN/dashboard 200 in 248ms (compile: 97ms, proxy.ts: 4ms, generate-params: 55ms, render: 147ms)
 GET /en-EN/dashboard 200 in 412ms (compile: 147ms, proxy.ts: 9ms, generate-params: 85ms, render: 256ms)
 GET /en-EN/dashboard 200 in 362ms (compile: 118ms, proxy.ts: 11ms, generate-params: 66ms, render: 234ms)
✓ Compiled in 230ms
 GET /en-EN/dashboard 200 in 447ms (compile: 139ms, proxy.ts: 7ms, generate-params: 80ms, render: 301ms)
✓ Compiled in 213ms
 GET /en-EN/dashboard 200 in 385ms (compile: 150ms, proxy.ts: 7ms, generate-params: 93ms, render: 228ms)
✓ Compiled in 156ms
 GET /en-EN/dashboard 200 in 432ms (compile: 160ms, proxy.ts: 8ms, generate-params: 85ms, render: 264ms)
✓ Compiled in 204ms
 GET /en-EN/dashboard 200 in 267ms (compile: 62ms, proxy.ts: 7ms, generate-params: 35µs, render: 199ms)
 GET /en-EN/dashboard 200 in 491ms (compile: 151ms, proxy.ts: 7ms, generate-params: 88ms, render: 333ms)
✓ Compiled in 321ms
 GET /en-EN/dashboard 200 in 425ms (compile: 175ms, proxy.ts: 12ms, generate-params: 92ms, render: 238ms)
 GET /en-EN/dashboard 200 in 317ms (compile: 96ms, proxy.ts: 9ms, generate-params: 48ms, render: 212ms)
✓ Compiled in 178ms
✓ Compiled in 215ms
 GET /en-EN/dashboard 200 in 509ms (compile: 171ms, proxy.ts: 10ms, generate-params: 97ms, render: 327ms)
 GET /en-EN/dashboard 200 in 272ms (compile: 56ms, proxy.ts: 4ms, generate-params: 58µs, render: 212ms)
 GET /en-EN/dashboard 200 in 379ms (compile: 150ms, proxy.ts: 6ms, generate-params: 82ms, render: 222ms)
 GET /en-EN/dashboard 200 in 495ms (compile: 147ms, proxy.ts: 17ms, generate-params: 87ms, render: 331ms)
 GET /en-EN/dashboard 200 in 458ms (compile: 176ms, proxy.ts: 6ms, generate-params: 94ms, render: 276ms)
 GET /en-EN/dashboard 200 in 415ms (compile: 167ms, proxy.ts: 8ms, generate-params: 89ms, render: 240ms)
 GET /en-EN/dashboard 200 in 353ms (compile: 69ms, proxy.ts: 8ms, generate-params: 50µs, render: 276ms)
 GET /en-EN/dashboard 200 in 429ms (compile: 196ms, proxy.ts: 8ms, generate-params: 135ms, render: 225ms)
✓ Compiled in 282ms
 GET /en-EN/dashboard 200 in 462ms (compile: 129ms, proxy.ts: 8ms, generate-params: 77ms, render: 325ms)
✓ Compiled in 168ms
 GET /en-EN/dashboard 200 in 303ms (compile: 51ms, proxy.ts: 5ms, generate-params: 36µs, render: 248ms)
 GET /en-EN/dashboard 200 in 645ms (compile: 209ms, proxy.ts: 5ms, generate-params: 66ms, render: 431ms)
 GET /en-EN/dashboard 200 in 296ms (compile: 15ms, proxy.ts: 49ms, generate-params: 59µs, render: 232ms)
✓ Compiled in 221ms
 GET /en-EN/dashboard 200 in 616ms (compile: 346ms, proxy.ts: 8ms, generate-params: 101ms, render: 262ms)
✓ Compiled in 836ms
✓ Compiled in 183ms
 GET /en-EN/dashboard 200 in 1222ms (compile: 929ms, proxy.ts: 70ms, generate-params: 55ms, render: 223ms)
 GET /en-EN/dashboard 200 in 314ms (compile: 60ms, proxy.ts: 48ms, generate-params: 45µs, render: 206ms)
✓ Compiled in 126ms
✓ Compiled in 209ms
 GET /en-EN/dashboard 200 in 444ms (compile: 141ms, proxy.ts: 74ms, generate-params: 70ms, render: 229ms)
 GET /en-EN/dashboard 200 in 311ms (compile: 47ms, proxy.ts: 62ms, generate-params: 55µs, render: 202ms)
✓ Compiled in 141ms
✓ Compiled in 230ms
 GET /en-EN/dashboard 200 in 762ms (compile: 129ms, proxy.ts: 70ms, generate-params: 61ms, render: 564ms)
✓ Compiled in 138ms
 GET /en-EN/dashboard 200 in 392ms (compile: 72ms, proxy.ts: 57ms, generate-params: 64µs, render: 263ms)
✓ Compiled in 122ms
 GET /en-EN/dashboard 200 in 594ms (compile: 223ms, proxy.ts: 63ms, generate-params: 61ms, render: 308ms)
 GET /en-EN/dashboard 200 in 214ms (compile: 6ms, proxy.ts: 39ms, generate-params: 35µs, render: 169ms)
✓ Compiled in 231ms
 GET /en-EN/dashboard 200 in 541ms (compile: 197ms, proxy.ts: 74ms, generate-params: 55ms, render: 271ms)
 GET /en-EN/dashboard 200 in 279ms (compile: 9ms, proxy.ts: 39ms, generate-params: 64µs, render: 231ms)
 GET /en-EN/dashboard 200 in 446ms (compile: 10ms, proxy.ts: 42ms, generate-params: 28µs, render: 394ms)
 GET /en-EN/dashboard 200 in 354ms (compile: 156ms, proxy.ts: 22ms, generate-params: 100ms, render: 176ms)
 GET /en-EN/dashboard 200 in 402ms (compile: 135ms, proxy.ts: 19ms, generate-params: 66ms, render: 249ms)
✓ Compiled in 230ms
 GET /en-EN/dashboard 200 in 536ms (compile: 180ms, proxy.ts: 15ms, generate-params: 98ms, render: 340ms)
✓ Compiled in 184ms
 GET /en-EN/dashboard 200 in 321ms (compile: 66ms, proxy.ts: 7ms, generate-params: 77µs, render: 249ms)
✓ Compiled in 264ms
 GET /en-EN/dashboard 200 in 531ms (compile: 184ms, proxy.ts: 6ms, generate-params: 121ms, render: 341ms)
 GET /en-EN/dashboard 200 in 580ms (compile: 292ms, proxy.ts: 8ms, generate-params: 71ms, render: 280ms)
 GET /en-EN/dashboard 200 in 202ms (compile: 8ms, proxy.ts: 45ms, generate-params: 35µs, render: 149ms)
 GET /en-EN/dashboard 200 in 441ms (compile: 185ms, proxy.ts: 6ms, generate-params: 116ms, render: 251ms)
 GET /en-EN/dashboard 200 in 444ms (compile: 166ms, proxy.ts: 7ms, generate-params: 94ms, render: 271ms)
✓ Compiled in 238ms
 GET /en-EN/dashboard 200 in 834ms (compile: 422ms, proxy.ts: 11ms, generate-params: 81ms, render: 400ms)
 GET /en-EN/dashboard 200 in 258ms (compile: 21ms, proxy.ts: 65ms, generate-params: 49µs, render: 173ms)
✓ Compiled in 315ms
 GET /en-EN/dashboard 200 in 513ms (compile: 193ms, proxy.ts: 6ms, generate-params: 54ms, render: 314ms)
 GET /en-EN/dashboard 200 in 206ms (compile: 19ms, proxy.ts: 49ms, generate-params: 70µs, render: 138ms)
 GET /en-EN/dashboard 200 in 479ms (compile: 174ms, proxy.ts: 7ms, generate-params: 107ms, render: 299ms)
 GET /en-EN/dashboard 200 in 407ms (compile: 255ms, proxy.ts: 4ms, generate-params: 54ms, render: 148ms)
 GET /en-EN/dashboard 200 in 301ms (compile: 109ms, proxy.ts: 11ms, generate-params: 67ms, render: 182ms)
✓ Compiled in 284ms
 GET /en-EN/dashboard 200 in 517ms (compile: 237ms, proxy.ts: 13ms, generate-params: 141ms, render: 266ms)
✓ Compiled in 307ms
 GET /en-EN/dashboard 200 in 593ms (compile: 248ms, proxy.ts: 21ms, generate-params: 147ms, render: 323ms)
 GET /en-EN/dashboard 200 in 530ms (compile: 200ms, proxy.ts: 17ms, generate-params: 140ms, render: 313ms)
✓ Compiled in 352ms
 GET /en-EN/dashboard 200 in 514ms (compile: 183ms, proxy.ts: 5ms, generate-params: 121ms, render: 326ms)
✓ Compiled in 305ms
 GET /en-EN/dashboard 200 in 340ms (compile: 78ms, proxy.ts: 7ms, generate-params: 86µs, render: 255ms)
 GET /en-EN/dashboard 200 in 517ms (compile: 183ms, proxy.ts: 9ms, generate-params: 111ms, render: 326ms)
✓ Compiled in 295ms
 GET /en-EN/dashboard 200 in 442ms (compile: 186ms, proxy.ts: 7ms, generate-params: 112ms, render: 250ms)
 GET /en-EN/dashboard 200 in 419ms (compile: 183ms, proxy.ts: 8ms, generate-params: 99ms, render: 228ms)
 GET /en-EN/dashboard 200 in 402ms (compile: 116ms, proxy.ts: 11ms, generate-params: 60ms, render: 275ms)
✓ Compiled in 248ms
 GET /en-EN/dashboard 200 in 467ms (compile: 174ms, proxy.ts: 12ms, generate-params: 96ms, render: 280ms)
✓ Compiled in 254ms
 GET /en-EN/dashboard 200 in 795ms (compile: 375ms, proxy.ts: 23ms, generate-params: 97ms, render: 396ms)
✓ Compiled in 460ms
 GET /en-EN/dashboard 200 in 867ms (compile: 516ms, proxy.ts: 58ms, generate-params: 56ms, render: 293ms)
 GET /en-EN/dashboard 200 in 214ms (compile: 27ms, proxy.ts: 24ms, generate-params: 26µs, render: 163ms)
✓ Compiled in 445ms
 GET /en-EN/dashboard 200 in 345ms (compile: 154ms, proxy.ts: 5ms, generate-params: 98ms, render: 186ms)
 GET /en-EN/dashboard 200 in 425ms (compile: 165ms, proxy.ts: 5ms, generate-params: 96ms, render: 255ms)
 GET /en-EN/dashboard 200 in 402ms (compile: 138ms, proxy.ts: 6ms, generate-params: 76ms, render: 258ms)
 GET /en-EN/dashboard 200 in 580ms (compile: 189ms, proxy.ts: 7ms, generate-params: 118ms, render: 384ms)
 GET /en-EN/dashboard 200 in 435ms (compile: 166ms, proxy.ts: 11ms, generate-params: 95ms, render: 257ms)
 GET /en-EN/dashboard 200 in 377ms (compile: 166ms, proxy.ts: 6ms, generate-params: 87ms, render: 205ms)
✓ Compiled in 489ms
 GET /en-EN/dashboard 200 in 354ms (compile: 161ms, proxy.ts: 7ms, generate-params: 82ms, render: 187ms)
✓ Compiled in 299ms
 GET /en-EN/dashboard 200 in 552ms (compile: 216ms, proxy.ts: 11ms, generate-params: 121ms, render: 325ms)
✓ Compiled in 273ms
 GET /en-EN/dashboard 200 in 450ms (compile: 185ms, proxy.ts: 8ms, generate-params: 103ms, render: 257ms)
 GET /en-EN/dashboard 200 in 244ms (compile: 54ms, proxy.ts: 7ms, generate-params: 54µs, render: 183ms)
 GET /en-EN/dashboard 200 in 531ms (compile: 209ms, proxy.ts: 11ms, generate-params: 109ms, render: 311ms)
✓ Compiled in 250ms
 GET /en-EN/dashboard 200 in 248ms (compile: 69ms, proxy.ts: 5ms, generate-params: 24µs, render: 175ms)
 GET /en-EN/dashboard 200 in 351ms (compile: 167ms, proxy.ts: 7ms, generate-params: 99ms, render: 177ms)
 GET /hi-IN/dashboard 200 in 121ms (compile: 66ms, proxy.ts: 4ms, generate-params: 59ms, render: 52ms)
 GET /en-EN/dashboard 200 in 105ms (compile: 64ms, proxy.ts: 4ms, generate-params: 56ms, render: 37ms)
 GET /en-EN/dashboard 200 in 351ms (compile: 113ms, proxy.ts: 4ms, generate-params: 61ms, render: 234ms)
 GET /en-EN/dashboard 200 in 450ms (compile: 184ms, proxy.ts: 7ms, generate-params: 106ms, render: 259ms)
✓ Compiled in 250ms
 GET /en-EN/dashboard 200 in 426ms (compile: 80ms, proxy.ts: 7ms, generate-params: 232µs, render: 339ms)
 GET /en-EN/dashboard 200 in 809ms (compile: 510ms, proxy.ts: 8ms, generate-params: 74ms, render: 291ms)
✓ Compiled in 242ms
 GET /en-EN/dashboard 200 in 554ms (compile: 62ms, proxy.ts: 100ms, generate-params: 29µs, render: 391ms)
 GET /en-EN/dashboard 200 in 291ms (compile: 78ms, proxy.ts: 39ms, generate-params: 67ms, render: 174ms)
✓ Compiled in 213ms
✓ Compiled in 318ms
 GET /en-EN/dashboard 200 in 644ms (compile: 417ms, proxy.ts: 6ms, generate-params: 98ms, render: 221ms)
 GET /en-EN/dashboard 200 in 793ms (compile: 413ms, proxy.ts: 32ms, generate-params: 66ms, render: 347ms)
✓ Compiled in 245ms
 GET /en-EN/dashboard 200 in 996ms (compile: 249ms, proxy.ts: 178ms, generate-params: 67ms, render: 569ms)
 GET /en-EN/dashboard 200 in 515ms (compile: 49ms, proxy.ts: 58ms, generate-params: 42µs, render: 408ms)
 GET /en-EN/dashboard 200 in 296ms (compile: 65ms, proxy.ts: 52ms, generate-params: 57ms, render: 179ms)
✓ Compiled in 264ms
 GET /en-EN/dashboard 200 in 386ms (compile: 84ms, proxy.ts: 15ms, generate-params: 105µs, render: 287ms)
 GET /en-EN/dashboard 200 in 544ms (compile: 150ms, proxy.ts: 6ms, generate-params: 95ms, render: 388ms)
✓ Compiled in 588ms
 GET /en-EN/dashboard 200 in 529ms (compile: 172ms, proxy.ts: 6ms, generate-params: 103ms, render: 351ms)
 GET /en-EN/dashboard 200 in 913ms (compile: 702ms, proxy.ts: 8ms, generate-params: 56ms, render: 203ms)
✓ Compiled in 400ms
 GET /en-EN/dashboard 200 in 752ms (compile: 366ms, proxy.ts: 58ms, generate-params: 59ms, render: 328ms)
 GET /en-EN/dashboard 200 in 221ms (compile: 12ms, proxy.ts: 40ms, generate-params: 46µs, render: 169ms)
✓ Compiled in 220ms
✓ Compiled in 308ms
 GET /en-EN/dashboard 200 in 814ms (compile: 191ms, proxy.ts: 83ms, generate-params: 70ms, render: 539ms)
 GET /en-EN/dashboard 200 in 403ms (compile: 90ms, proxy.ts: 127ms, generate-params: 40µs, render: 186ms)
✓ Compiled in 154ms
 GET /en-EN/dashboard 200 in 532ms (compile: 160ms, proxy.ts: 59ms, generate-params: 52ms, render: 313ms)
 GET /en-EN/dashboard 200 in 204ms (compile: 29ms, proxy.ts: 25ms, generate-params: 40µs, render: 150ms)
✓ Compiled in 285ms
 GET /en-EN/dashboard 200 in 511ms (compile: 195ms, proxy.ts: 8ms, generate-params: 115ms, render: 308ms)
✓ Compiled in 327ms
 GET /en-EN/dashboard 200 in 328ms (compile: 80ms, proxy.ts: 6ms, generate-params: 82µs, render: 241ms)
 GET /en-EN/dashboard 200 in 302ms (compile: 117ms, proxy.ts: 3ms, generate-params: 70ms, render: 182ms)
✓ Compiled in 300ms
 GET /en-EN/dashboard 200 in 673ms (compile: 196ms, proxy.ts: 12ms, generate-params: 116ms, render: 465ms)
✓ Compiled in 407ms
 GET /en-EN/dashboard 200 in 469ms (compile: 134ms, proxy.ts: 6ms, generate-params: 76ms, render: 329ms)
✓ Compiled in 374ms
 GET /en-EN/dashboard 200 in 409ms (compile: 88ms, proxy.ts: 7ms, generate-params: 113µs, render: 315ms)
 GET /en-EN/dashboard 200 in 393ms (compile: 149ms, proxy.ts: 6ms, generate-params: 83ms, render: 238ms)
 GET /en-EN/dashboard 200 in 482ms (compile: 177ms, proxy.ts: 8ms, generate-params: 102ms, render: 297ms)
 GET /en-EN/dashboard 200 in 367ms (compile: 132ms, proxy.ts: 5ms, generate-params: 77ms, render: 230ms)
✓ Compiled in 227ms
 GET /en-EN/dashboard 200 in 790ms (compile: 388ms, proxy.ts: 6ms, generate-params: 134ms, render: 397ms)
✓ Compiled in 598ms
 GET /en-EN/dashboard 200 in 1207ms (compile: 726ms, proxy.ts: 127ms, generate-params: 141ms, render: 354ms)
 GET /en-EN/dashboard 200 in 799ms (compile: 460ms, proxy.ts: 96ms, generate-params: 78ms, render: 242ms)
✓ Compiled in 311ms
 GET /en-EN/dashboard 200 in 358ms (compile: 84ms, proxy.ts: 57ms, generate-params: 64µs, render: 218ms)
✓ Compiled in 1027ms
 GET /en-EN/dashboard 200 in 1363ms (compile: 900ms, proxy.ts: 63ms, generate-params: 65ms, render: 401ms)
✓ Compiled in 491ms
 GET /en-EN/dashboard 200 in 742ms (compile: 263ms, proxy.ts: 245ms, generate-params: 61ms, render: 233ms)
✓ Compiled in 303ms
 GET /en-EN/dashboard 200 in 452ms (compile: 153ms, proxy.ts: 105ms, generate-params: 25µs, render: 194ms)
✓ Compiled in 235ms
 GET /en-EN/dashboard 200 in 568ms (compile: 275ms, proxy.ts: 67ms, generate-params: 72ms, render: 227ms)
✓ Compiled in 268ms
 GET /en-EN/dashboard 200 in 619ms (compile: 141ms, proxy.ts: 89ms, generate-params: 34µs, render: 389ms)
 GET /en-EN/dashboard 200 in 457ms (compile: 97ms, proxy.ts: 42ms, generate-params: 80ms, render: 317ms)
 GET /en-EN/dashboard 200 in 351ms (compile: 24ms, proxy.ts: 53ms, generate-params: 56µs, render: 275ms)
 GET /en-EN/dashboard 200 in 155ms (compile: 13ms, proxy.ts: 48ms, generate-params: 29µs, render: 94ms)
 GET /en-EN/dashboard 200 in 494ms (compile: 127ms, proxy.ts: 6ms, generate-params: 59ms, render: 361ms)
 GET /en-EN/dashboard 200 in 1137ms (compile: 893ms, proxy.ts: 11ms, generate-params: 69ms, render: 234ms)
✓ Compiled in 435ms
 GET /en-EN/dashboard 200 in 677ms (compile: 323ms, proxy.ts: 76ms, generate-params: 64ms, render: 279ms)
 GET /en-EN/dashboard 200 in 1450ms (compile: 1115ms, proxy.ts: 103ms, generate-params: 63ms, render: 232ms)
✓ Compiled in 590ms
 GET /en-EN/dashboard 200 in 946ms (compile: 539ms, proxy.ts: 63ms, generate-params: 61ms, render: 343ms)
 GET /en-EN/dashboard 200 in 754ms (compile: 371ms, proxy.ts: 106ms, generate-params: 77ms, render: 277ms)
✓ Compiled in 491ms
 GET /en-EN/dashboard 200 in 784ms (compile: 335ms, proxy.ts: 94ms, generate-params: 70ms, render: 355ms)
 GET /en-EN/dashboard 200 in 242ms (compile: 14ms, proxy.ts: 51ms, generate-params: 38µs, render: 178ms)
✓ Compiled in 405ms
 GET /en-EN/dashboard 200 in 684ms (compile: 367ms, proxy.ts: 65ms, generate-params: 63ms, render: 252ms)
 GET /en-EN/dashboard 200 in 231ms (compile: 8ms, proxy.ts: 47ms, generate-params: 37µs, render: 176ms)
 GET /en-EN/dashboard 200 in 468ms (compile: 200ms, proxy.ts: 6ms, generate-params: 110ms, render: 263ms)
✓ Compiled in 232ms
⚠ The "middleware" file convention is deprecated. Please use "proxy" instead. Learn more: https://nextjs.org/docs/messages/middleware-to-proxy
✓ Compiled in 322ms
 GET /en-EN/dashboard 200 in 487ms (compile: 134ms, proxy.ts: 74ms, generate-params: 64ms, render: 279ms)
 GET /en-EN/dashboard 200 in 309ms (compile: 70ms, proxy.ts: 4ms, generate-params: 35µs, render: 236ms)
 GET /en-EN/dashboard 200 in 293ms (compile: 77ms, proxy.ts: 31ms, generate-params: 68ms, render: 185ms)
 GET /en-EN/dashboard 200 in 224ms (compile: 45ms, proxy.ts: 4ms, generate-params: 25µs, render: 176ms)
 GET /en-EN/dashboard 200 in 315ms (compile: 42ms, proxy.ts: 3ms, generate-params: 30µs, render: 270ms)
 GET /en-EN/dashboard 200 in 266ms (compile: 94ms, proxy.ts: 4ms, generate-params: 55ms, render: 168ms)
 GET /en-EN/dashboard 200 in 355ms (compile: 44ms, proxy.ts: 3ms, generate-params: 23µs, render: 308ms)
 GET /en-EN/dashboard 200 in 274ms (compile: 44ms, proxy.ts: 3ms, generate-params: 25µs, render: 228ms)
 GET /en-EN/dashboard 200 in 269ms (compile: 83ms, proxy.ts: 4ms, generate-params: 55ms, render: 181ms)
 GET /en-EN/dashboard 200 in 384ms (compile: 44ms, proxy.ts: 3ms, generate-params: 34µs, render: 336ms)
 GET /en-EN/dashboard 200 in 419ms (compile: 38ms, proxy.ts: 4ms, generate-params: 21µs, render: 378ms)
 GET /en-EN/dashboard 200 in 337ms (compile: 102ms, proxy.ts: 3ms, generate-params: 55ms, render: 232ms)
 GET /en-EN/dashboard 200 in 285ms (compile: 58ms, proxy.ts: 3ms, generate-params: 29µs, render: 224ms)
 GET /en-EN/dashboard 200 in 338ms (compile: 46ms, proxy.ts: 4ms, generate-params: 33µs, render: 287ms)
 GET /en-EN/dashboard 200 in 311ms (compile: 104ms, proxy.ts: 4ms, generate-params: 60ms, render: 203ms)
 GET /en-EN/dashboard 200 in 188ms (compile: 42ms, proxy.ts: 3ms, generate-params: 44µs, render: 143ms)
 GET /en-EN/dashboard 200 in 167ms (compile: 31ms, proxy.ts: 4ms, generate-params: 20µs, render: 132ms)
 GET /en-EN/dashboard 200 in 247ms (compile: 31ms, proxy.ts: 5ms, generate-params: 24µs, render: 211ms)
 GET /en-EN/dashboard 200 in 260ms (compile: 91ms, proxy.ts: 4ms, generate-params: 58ms, render: 165ms)
 GET /en-EN/dashboard 200 in 124ms (compile: 43ms, proxy.ts: 4ms, generate-params: 52µs, render: 77ms)
 GET /en-EN/dashboard 200 in 223ms (compile: 61ms, proxy.ts: 4ms, generate-params: 52ms, render: 157ms)
 GET /en-EN/dashboard 200 in 240ms (compile: 73ms, proxy.ts: 5ms, generate-params: 66ms, render: 162ms)
